#
# There is insufficient memory for the Java Runtime Environment to continue.
# Native memory allocation (mmap) failed to map 84410368 bytes for committing reserved memory.
# Possible reasons:
#   The system is out of physical RAM or swap space
#   In 32 bit mode, the process size limit was hit
# Possible solutions:
#   Reduce memory load on the system
#   Increase physical memory or swap space
#   Check if swap backing store is full
#   Use 64 bit Java on a 64 bit OS
#   Decrease Java heap size (-Xmx/-Xms)
#   Decrease number of Java threads
#   Decrease Java thread stack sizes (-Xss)
#   Set larger code cache with -XX:ReservedCodeCacheSize=
# This output file may be truncated or incomplete.
#
#  Out of Memory Error (os_linux.cpp:2643), pid=28221, tid=0x663ecb40
#
# JRE version: OpenJDK Runtime Environment (8.0_181-b13) (build 1.8.0_181-8u181-b13-0ubuntu0.16.04.1-b13)
# Java VM: OpenJDK Server VM (25.181-b13 mixed mode linux-x86 )
# Failed to write core dump. Core dumps have been disabled. To enable core dumping, try "ulimit -c unlimited" before starting Java again
#

---------------  T H R E A D  ---------------

Current thread (0x66211000):  VMThread [stack: 0x6636c000,0x663ed000] [id=28230]

Stack: [0x6636c000,0x663ed000],  sp=0x663ebb30,  free space=510k
Native frames: (J=compiled Java code, j=interpreted, Vv=VM code, C=native code)
V  [libjvm.so+0x8ddab4]
V  [libjvm.so+0x3aa8f6]
V  [libjvm.so+0x747e10]
V  [libjvm.so+0x741c83]
V  [libjvm.so+0x7b3f9c]
V  [libjvm.so+0x7b4fdb]
V  [libjvm.so+0x7b1a97]
V  [libjvm.so+0x7ac082]
V  [libjvm.so+0x33b263]
V  [libjvm.so+0x8defce]
V  [libjvm.so+0x8e47d6]
V  [libjvm.so+0x8e28c0]
V  [libjvm.so+0x8e3015]
V  [libjvm.so+0x8e361b]
V  [libjvm.so+0x744f45]
C  [libpthread.so.0+0x6295]  start_thread+0xe5

VM_Operation (0x652fc91c): CollectForMetadataAllocation, mode: safepoint, requested by thread 0x0831ec00


---------------  P R O C E S S  ---------------

Java Threads: ( => current thread )
  0x61388000 JavaThread "HikariPool-1 housekeeper" daemon [_thread_blocked, id=28253, stack(0x630ae000,0x630ff000)]
  0x6260e400 JavaThread "container-0" [_thread_blocked, id=28245, stack(0x6300c000,0x6305d000)]
  0x617c4400 JavaThread "ContainerBackgroundProcessor[StandardEngine[Tomcat]]" daemon [_thread_blocked, id=28244, stack(0x6305d000,0x630ae000)]
  0x0831ec00 JavaThread "restartedMain" [_thread_blocked, id=28239, stack(0x652af000,0x65300000)]
  0x65151800 JavaThread "Thread-0" [_thread_blocked, id=28238, stack(0x65910000,0x65961000)]
  0x66238800 JavaThread "Service Thread" daemon [_thread_blocked, id=28236, stack(0x65e0b000,0x65e5c000)]
  0x66236800 JavaThread "C1 CompilerThread1" daemon [_thread_blocked, id=28235, stack(0x65e5c000,0x65edd000)]
  0x66234800 JavaThread "C2 CompilerThread0" daemon [_thread_blocked, id=28234, stack(0x65edd000,0x65f5e000)]
  0x66233000 JavaThread "Signal Dispatcher" daemon [_thread_blocked, id=28233, stack(0x65f5e000,0x65faf000)]
  0x66218400 JavaThread "Finalizer" daemon [_thread_blocked, id=28232, stack(0x661af000,0x66200000)]
  0x66215800 JavaThread "Reference Handler" daemon [_thread_blocked, id=28231, stack(0x6631b000,0x6636c000)]
  0xb620b800 JavaThread "main" [_thread_blocked, id=28227, stack(0xb63b4000,0xb6405000)]

Other Threads:
=>0x66211000 VMThread [stack: 0x6636c000,0x663ed000] [id=28230]
  0x6623a800 WatcherThread [stack: 0x65d8a000,0x65e0b000] [id=28237]

VM state:at safepoint (normal execution)

VM Mutex/Monitor currently owned by a thread:  ([mutex/lock_event])
[0xb6208ce0] Threads_lock - owner thread: 0x66211000
[0xb62090f0] Heap_lock - owner thread: 0x0831ec00

Heap:
 PSYoungGen      total 196608K, used 4845K [0x92580000, 0x9f200000, 0xa6e00000)
  eden space 183808K, 0% used [0x92580000,0x92580000,0x9d900000)
  from space 12800K, 37% used [0x9d900000,0x9ddbb5b0,0x9e580000)
  to   space 10240K, 0% used [0x9e580000,0x9e580000,0x9ef80000)
 ParOldGen       total 27904K, used 19787K [0x69400000, 0x6af40000, 0x92580000)
  object space 27904K, 70% used [0x69400000,0x6a752ee8,0x6af40000)
 Metaspace       used 26369K, capacity 27242K, committed 27308K, reserved 27952K

Card table byte_map: [0x69212000,0x69400000] byte_map_base: 0x68ec8000

Marking Bits: (ParMarkBitMap*) 0xb71348e0
 Begin Bits: [0x66e30000, 0x67d98000)
 End Bits:   [0x67d98000, 0x68d00000)

Polling page: 0xb7743000

CodeCache: size=245760Kb used=9934Kb max_used=9947Kb free=235825Kb
 bounds [0xa7200000, 0xa7bc8000, 0xb6200000]
 total_blobs=3489 nmethods=3274 adapters=129
 compilation: enabled

Compilation events (10 events):
Event: 93,283 Thread 0x66236800 nmethod 3812 0xa749b848 code [0xa749b980, 0xa749bbd8]
Event: 93,283 Thread 0x66236800 3813       3       ch.qos.logback.core.pattern.LiteralConverter::convert (5 bytes)
Event: 93,283 Thread 0x66236800 nmethod 3813 0xa78330c8 code [0xa78331e0, 0xa78332c0]
Event: 93,285 Thread 0x66234800 nmethod 3811 0xa7832c88 code [0xa7832da0, 0xa7833010]
Event: 93,304 Thread 0x66236800 3814   !   3       org.slf4j.LoggerFactory::getILoggerFactory (103 bytes)
Event: 93,305 Thread 0x66236800 nmethod 3814 0xa72ce308 code [0xa72ce4e0, 0xa72cea3c]
Event: 93,478 Thread 0x66234800 3815       4       java.util.WeakHashMap::put (162 bytes)
Event: 93,492 Thread 0x66234800 nmethod 3815 0xa7915888 code [0xa7915a20, 0xa791649c]
Event: 93,607 Thread 0x66234800 3816       4       java.util.concurrent.CopyOnWriteArrayList::size (6 bytes)
Event: 93,608 Thread 0x66234800 nmethod 3816 0xa749fbc8 code [0xa749fcc0, 0xa749fd10]

GC Heap History (10 events):
Event: 10,807 GC heap after
Heap after GC invocations=7 (full 0):
 PSYoungGen      total 68352K, used 6397K [0x92580000, 0x9b080000, 0xa6e00000)
  eden space 61952K, 0% used [0x92580000,0x92580000,0x96200000)
  from space 6400K, 99% used [0x96200000,0x9683f680,0x96840000)
  to   space 9216K, 0% used [0x9a780000,0x9a780000,0x9b080000)
 ParOldGen       total 42496K, used 7341K [0x69400000, 0x6bd80000, 0x92580000)
  object space 42496K, 17% used [0x69400000,0x69b2b5d0,0x6bd80000)
 Metaspace       used 15585K, capacity 16090K, committed 16176K, reserved 16688K
}
Event: 11,198 GC heap before
{Heap before GC invocations=8 (full 0):
 PSYoungGen      total 68352K, used 58660K [0x92580000, 0x9b080000, 0xa6e00000)
  eden space 61952K, 84% used [0x92580000,0x95889a88,0x96200000)
  from space 6400K, 99% used [0x96200000,0x9683f680,0x96840000)
  to   space 9216K, 0% used [0x9a780000,0x9a780000,0x9b080000)
 ParOldGen       total 42496K, used 7341K [0x69400000, 0x6bd80000, 0x92580000)
  object space 42496K, 17% used [0x69400000,0x69b2b5d0,0x6bd80000)
 Metaspace       used 15859K, capacity 16363K, committed 16384K, reserved 16688K
Event: 11,210 GC heap after
Heap after GC invocations=8 (full 0):
 PSYoungGen      total 132608K, used 4850K [0x92580000, 0x9b000000, 0xa6e00000)
  eden space 123904K, 0% used [0x92580000,0x92580000,0x99e80000)
  from space 8704K, 55% used [0x9a780000,0x9ac3cb08,0x9b000000)
  to   space 8960K, 0% used [0x99e80000,0x99e80000,0x9a740000)
 ParOldGen       total 42496K, used 7710K [0x69400000, 0x6bd80000, 0x92580000)
  object space 42496K, 18% used [0x69400000,0x69b87ab8,0x6bd80000)
 Metaspace       used 15859K, capacity 16363K, committed 16384K, reserved 16688K
}
Event: 11,210 GC heap before
{Heap before GC invocations=9 (full 1):
 PSYoungGen      total 132608K, used 4850K [0x92580000, 0x9b000000, 0xa6e00000)
  eden space 123904K, 0% used [0x92580000,0x92580000,0x99e80000)
  from space 8704K, 55% used [0x9a780000,0x9ac3cb08,0x9b000000)
  to   space 8960K, 0% used [0x99e80000,0x99e80000,0x9a740000)
 ParOldGen       total 42496K, used 7710K [0x69400000, 0x6bd80000, 0x92580000)
  object space 42496K, 18% used [0x69400000,0x69b87ab8,0x6bd80000)
 Metaspace       used 15859K, capacity 16363K, committed 16384K, reserved 16688K
Event: 11,265 GC heap after
Heap after GC invocations=9 (full 1):
 PSYoungGen      total 132608K, used 0K [0x92580000, 0x9b000000, 0xa6e00000)
  eden space 123904K, 0% used [0x92580000,0x92580000,0x99e80000)
  from space 8704K, 0% used [0x9a780000,0x9a780000,0x9b000000)
  to   space 8960K, 0% used [0x99e80000,0x99e80000,0x9a740000)
 ParOldGen       total 27904K, used 6534K [0x69400000, 0x6af40000, 0x92580000)
  object space 27904K, 23% used [0x69400000,0x69a61a08,0x6af40000)
 Metaspace       used 15859K, capacity 16363K, committed 16384K, reserved 16688K
}
Event: 15,633 GC heap before
{Heap before GC invocations=10 (full 1):
 PSYoungGen      total 132608K, used 123904K [0x92580000, 0x9b000000, 0xa6e00000)
  eden space 123904K, 100% used [0x92580000,0x99e80000,0x99e80000)
  from space 8704K, 0% used [0x9a780000,0x9a780000,0x9b000000)
  to   space 8960K, 0% used [0x99e80000,0x99e80000,0x9a740000)
 ParOldGen       total 27904K, used 6534K [0x69400000, 0x6af40000, 0x92580000)
  object space 27904K, 23% used [0x69400000,0x69a61a08,0x6af40000)
 Metaspace       used 19584K, capacity 20384K, committed 20400K, reserved 20784K
Event: 15,653 GC heap after
Heap after GC invocations=10 (full 1):
 PSYoungGen      total 132864K, used 8537K [0x92580000, 0x9ef80000, 0xa6e00000)
  eden space 123904K, 0% used [0x92580000,0x92580000,0x99e80000)
  from space 8960K, 95% used [0x99e80000,0x9a6d6520,0x9a740000)
  to   space 10240K, 0% used [0x9e580000,0x9e580000,0x9ef80000)
 ParOldGen       total 27904K, used 6534K [0x69400000, 0x6af40000, 0x92580000)
  object space 27904K, 23% used [0x69400000,0x69a61a08,0x6af40000)
 Metaspace       used 19584K, capacity 20384K, committed 20400K, reserved 20784K
}
Event: 38,094 GC heap before
{Heap before GC invocations=11 (full 1):
 PSYoungGen      total 132864K, used 132441K [0x92580000, 0x9ef80000, 0xa6e00000)
  eden space 123904K, 100% used [0x92580000,0x99e80000,0x99e80000)
  from space 8960K, 95% used [0x99e80000,0x9a6d6520,0x9a740000)
  to   space 10240K, 0% used [0x9e580000,0x9e580000,0x9ef80000)
 ParOldGen       total 27904K, used 6534K [0x69400000, 0x6af40000, 0x92580000)
  object space 27904K, 23% used [0x69400000,0x69a61a08,0x6af40000)
 Metaspace       used 22714K, capacity 23562K, committed 23600K, reserved 23856K
Event: 38,198 GC heap after
Heap after GC invocations=11 (full 1):
 PSYoungGen      total 194048K, used 10227K [0x92580000, 0x9f200000, 0xa6e00000)
  eden space 183808K, 0% used [0x92580000,0x92580000,0x9d900000)
  from space 10240K, 99% used [0x9e580000,0x9ef7cc28,0x9ef80000)
  to   space 12800K, 0% used [0x9d900000,0x9d900000,0x9e580000)
 ParOldGen       total 27904K, used 9618K [0x69400000, 0x6af40000, 0x92580000)
  object space 27904K, 34% used [0x69400000,0x69d64a28,0x6af40000)
 Metaspace       used 22714K, capacity 23562K, committed 23600K, reserved 23856K
}
Event: 93,685 GC heap before
{Heap before GC invocations=12 (full 1):
 PSYoungGen      total 194048K, used 49917K [0x92580000, 0x9f200000, 0xa6e00000)
  eden space 183808K, 21% used [0x92580000,0x94c42958,0x9d900000)
  from space 10240K, 99% used [0x9e580000,0x9ef7cc28,0x9ef80000)
  to   space 12800K, 0% used [0x9d900000,0x9d900000,0x9e580000)
 ParOldGen       total 27904K, used 9618K [0x69400000, 0x6af40000, 0x92580000)
  object space 27904K, 34% used [0x69400000,0x69d64a28,0x6af40000)
 Metaspace       used 26369K, capacity 27242K, committed 27308K, reserved 27952K

Deoptimization events (10 events):
Event: 36,284 Thread 0x0831ec00 Uncommon trap: reason=unstable_if action=reinterpret pc=0xa77b4344 method=org.springframework.boot.context.properties.source.ConfigurationPropertyName.equals(Ljava/lang/Object;)Z @ 8
Event: 36,529 Thread 0x0831ec00 Uncommon trap: reason=unstable_if action=reinterpret pc=0xa73bc5c4 method=java.lang.AbstractStringBuilder.append(Ljava/lang/String;)Ljava/lang/AbstractStringBuilder; @ 1
Event: 36,539 Thread 0x0831ec00 Uncommon trap: reason=class_check action=maybe_recompile pc=0xa77be760 method=java.lang.reflect.Executable.getAnnotation(Ljava/lang/Class;)Ljava/lang/annotation/Annotation; @ 19
Event: 67,224 Thread 0x0831ec00 Uncommon trap: reason=bimorphic action=maybe_recompile pc=0xa75c373c method=java.util.Properties$LineReader.readLine()I @ 410
Event: 67,227 Thread 0x0831ec00 Uncommon trap: reason=unstable_if action=reinterpret pc=0xa73f513c method=sun.nio.cs.UTF_8$Decoder.decode([BII[C)I @ 30
Event: 67,493 Thread 0x0831ec00 Uncommon trap: reason=unstable_if action=reinterpret pc=0xa75c27a0 method=java.lang.ref.SoftReference.get()Ljava/lang/Object; @ 6
Event: 83,102 Thread 0x0831ec00 Uncommon trap: reason=unstable_if action=reinterpret pc=0xa7aa7330 method=java.net.URL.<init>(Ljava/net/URL;Ljava/lang/String;Ljava/net/URLStreamHandler;)V @ 57
Event: 83,102 Thread 0x0831ec00 Uncommon trap: reason=unstable_if action=reinterpret pc=0xa79f31e4 method=java.net.URLStreamHandler.parseURL(Ljava/net/URL;Ljava/lang/String;II)V @ 57
Event: 93,625 Thread 0x0831ec00 Uncommon trap: reason=bimorphic action=maybe_recompile pc=0xa75a07f0 method=java.lang.ClassLoader.loadClass(Ljava/lang/String;Z)Ljava/lang/Class; @ 70
Event: 93,656 Thread 0x0831ec00 Uncommon trap: reason=bimorphic action=maybe_recompile pc=0xa75a07f0 method=java.lang.ClassLoader.loadClass(Ljava/lang/String;Z)Ljava/lang/Class; @ 70

Classes redefined (0 events):
No events

Internal exceptions (10 events):
Event: 82,391 Thread 0x0831ec00 Exception <a 'java/lang/ClassNotFoundException': org/springframework/context/ResourceLoaderAwareCustomizer> (0x93bf0480) thrown at [/build/openjdk-8-3XyyOX/openjdk-8-8u181-b13/src/hotspot/src/share/vm/classfile/systemDictionary.cpp, line 210]
Event: 82,392 Thread 0x0831ec00 Exception <a 'java/lang/ClassNotFoundException': org/springframework/context/weaving/LoadTimeWeaverAwareCustomizer> (0x93c07b28) thrown at [/build/openjdk-8-3XyyOX/openjdk-8-8u181-b13/src/hotspot/src/share/vm/classfile/systemDictionary.cpp, line 210]
Event: 82,392 Thread 0x0831ec00 Exception <a 'java/lang/ClassNotFoundException': org/springframework/beans/factory/FactoryBeanCustomizer> (0x93c1cbd8) thrown at [/build/openjdk-8-3XyyOX/openjdk-8-8u181-b13/src/hotspot/src/share/vm/classfile/systemDictionary.cpp, line 210]
Event: 82,393 Thread 0x0831ec00 Exception <a 'java/lang/ClassNotFoundException': org/springframework/beans/factory/BeanClassLoaderAwareCustomizer> (0x93c36fb8) thrown at [/build/openjdk-8-3XyyOX/openjdk-8-8u181-b13/src/hotspot/src/share/vm/classfile/systemDictionary.cpp, line 210]
Event: 82,393 Thread 0x0831ec00 Exception <a 'java/lang/ClassNotFoundException': org/springframework/beans/factory/BeanFactoryAwareCustomizer> (0x93c4cd60) thrown at [/build/openjdk-8-3XyyOX/openjdk-8-8u181-b13/src/hotspot/src/share/vm/classfile/systemDictionary.cpp, line 210]
Event: 82,393 Thread 0x0831ec00 Exception <a 'java/lang/ClassNotFoundException': org/springframework/beans/factory/BeanNameAwareCustomizer> (0x93c62ab0) thrown at [/build/openjdk-8-3XyyOX/openjdk-8-8u181-b13/src/hotspot/src/share/vm/classfile/systemDictionary.cpp, line 210]
Event: 82,394 Thread 0x0831ec00 Exception <a 'java/lang/ClassNotFoundException': org/springframework/beans/factory/InitializingBeanCustomizer> (0x93c78758) thrown at [/build/openjdk-8-3XyyOX/openjdk-8-8u181-b13/src/hotspot/src/share/vm/classfile/systemDictionary.cpp, line 210]
Event: 82,395 Thread 0x0831ec00 Exception <a 'java/lang/ClassNotFoundException': org/springframework/beans/factory/DisposableBeanCustomizer> (0x93c8d7b0) thrown at [/build/openjdk-8-3XyyOX/openjdk-8-8u181-b13/src/hotspot/src/share/vm/classfile/systemDictionary.cpp, line 210]
Event: 82,395 Thread 0x0831ec00 Exception <a 'java/lang/ClassNotFoundException': org/springframework/orm/jpa/EntityManagerFactoryInfoCustomizer> (0x93ca3668) thrown at [/build/openjdk-8-3XyyOX/openjdk-8-8u181-b13/src/hotspot/src/share/vm/classfile/systemDictionary.cpp, line 210]
Event: 82,396 Thread 0x0831ec00 Exception <a 'java/lang/ClassNotFoundException': org/springframework/dao/support/PersistenceExceptionTranslatorCustomizer> (0x93cc6f58) thrown at [/build/openjdk-8-3XyyOX/openjdk-8-8u181-b13/src/hotspot/src/share/vm/classfile/systemDictionary.cpp, line 21

Events (10 events):
Event: 93,669 loading class org/hibernate/annotations/common/util/StandardClassLoaderDelegateImpl done
Event: 93,669 loading class org/hibernate/annotations/common/reflection/ClassLoadingException
Event: 93,669 loading class org/hibernate/annotations/common/reflection/ClassLoadingException done
Event: 93,670 loading class org/hibernate/annotations/common/reflection/java/generics/TypeEnvironmentFactory
Event: 93,670 loading class org/hibernate/annotations/common/reflection/java/generics/TypeEnvironmentFactory done
Event: 93,670 loading class org/hibernate/annotations/common/reflection/java/generics/TypeEnvironment
Event: 93,670 loading class org/hibernate/annotations/common/reflection/java/generics/TypeEnvironment done
Event: 93,670 loading class org/hibernate/cfg/annotations/reflection/JPAMetadataProvider
Event: 93,670 loading class org/hibernate/cfg/annotations/reflection/JPAMetadataProvider done
Event: 93,685 Executing VM operation: CollectForMetadataAllocation


Dynamic libraries:
08048000-08049000 r-xp 00000000 08:05 3801817    /usr/lib/jvm/java-8-openjdk-i386/jre/bin/java
08049000-0804a000 r--p 00000000 08:05 3801817    /usr/lib/jvm/java-8-openjdk-i386/jre/bin/java
0804a000-0804b000 rw-p 00001000 08:05 3801817    /usr/lib/jvm/java-8-openjdk-i386/jre/bin/java
082c7000-090e1000 rw-p 00000000 00:00 0          [heap]
61200000-6125f000 rw-p 00000000 00:00 0 
6125f000-61300000 ---p 00000000 00:00 0 
61300000-61397000 rw-p 00000000 00:00 0 
61397000-61400000 ---p 00000000 00:00 0 
61400000-61500000 rw-p 00000000 00:00 0 
61500000-61600000 rw-p 00000000 00:00 0 
61600000-616ff000 rw-p 00000000 00:00 0 
616ff000-61700000 ---p 00000000 00:00 0 
61700000-61800000 rw-p 00000000 00:00 0 
61800000-61900000 rw-p 00000000 00:00 0 
61900000-61a00000 rw-p 00000000 00:00 0 
61a00000-61b00000 rw-p 00000000 00:00 0 
61b00000-61c00000 rw-p 00000000 00:00 0 
61c00000-61d00000 rw-p 00000000 00:00 0 
61d00000-61e00000 rw-p 00000000 00:00 0 
61e00000-61efd000 rw-p 00000000 00:00 0 
61efd000-61f00000 ---p 00000000 00:00 0 
61f00000-62000000 rw-p 00000000 00:00 0 
62000000-62100000 rw-p 00000000 00:00 0 
62100000-62200000 rw-p 00000000 00:00 0 
62200000-622ff000 rw-p 00000000 00:00 0 
622ff000-62300000 ---p 00000000 00:00 0 
62300000-62400000 rw-p 00000000 00:00 0 
62400000-62500000 rw-p 00000000 00:00 0 
62500000-62600000 rw-p 00000000 00:00 0 
62600000-626fe000 rw-p 00000000 00:00 0 
626fe000-62700000 ---p 00000000 00:00 0 
62700000-627f9000 rw-p 00000000 00:00 0 
627f9000-62800000 ---p 00000000 00:00 0 
62800000-62900000 rw-p 00000000 00:00 0 
62900000-62a00000 rw-p 00000000 00:00 0 
62a00000-62aa6000 rw-p 00000000 00:00 0 
62aa6000-62b00000 ---p 00000000 00:00 0 
62b00000-62c00000 rw-p 00000000 00:00 0 
62c00000-62d00000 rw-p 00000000 00:00 0 
62d00000-62e00000 rw-p 00000000 00:00 0 
62e00000-62f00000 rw-p 00000000 00:00 0 
62f00000-62fff000 rw-p 00000000 00:00 0 
62fff000-63000000 ---p 00000000 00:00 0 
6300c000-6300f000 ---p 00000000 00:00 0 
6300f000-6305d000 rw-p 00000000 00:00 0 
6305d000-63060000 ---p 00000000 00:00 0 
63060000-630ae000 rw-p 00000000 00:00 0 
630ae000-630b1000 ---p 00000000 00:00 0 
630b1000-631ff000 rw-p 00000000 00:00 0 
631ff000-64f00000 rw-p 00000000 00:00 0 
64f00000-65000000 rw-p 00000000 00:00 0 
65000000-650ff000 rw-p 00000000 00:00 0 
650ff000-65100000 ---p 00000000 00:00 0 
65100000-65156000 rw-p 00000000 00:00 0 
65156000-65200000 ---p 00000000 00:00 0 
6522e000-65233000 r--s 002f9000 08:05 3801805    /usr/lib/jvm/java-8-openjdk-i386/jre/lib/charsets.jar
65233000-65244000 r-xp 00000000 08:05 3934485    /usr/lib/jvm/java-8-openjdk-i386/jre/lib/i386/libnio.so
65244000-65245000 r--p 00010000 08:05 3934485    /usr/lib/jvm/java-8-openjdk-i386/jre/lib/i386/libnio.so
65245000-65246000 rw-p 00011000 08:05 3934485    /usr/lib/jvm/java-8-openjdk-i386/jre/lib/i386/libnio.so
65246000-6525c000 r-xp 00000000 08:05 3934465    /usr/lib/jvm/java-8-openjdk-i386/jre/lib/i386/libnet.so
6525c000-6525d000 r--p 00015000 08:05 3934465    /usr/lib/jvm/java-8-openjdk-i386/jre/lib/i386/libnet.so
6525d000-6525e000 rw-p 00016000 08:05 3934465    /usr/lib/jvm/java-8-openjdk-i386/jre/lib/i386/libnet.so
6525e000-65261000 ---p 00000000 00:00 0 
65261000-652af000 rw-p 00000000 00:00 0 
652af000-652b2000 ---p 00000000 00:00 0 
652b2000-65300000 rw-p 00000000 00:00 0 
65300000-653ff000 rw-p 00000000 00:00 0 
653ff000-65400000 ---p 00000000 00:00 0 
65400000-65500000 rw-p 00000000 00:00 0 
65500000-655fe000 rw-p 00000000 00:00 0 
655fe000-65600000 ---p 00000000 00:00 0 
65600000-65700000 rw-p 00000000 00:00 0 
65700000-65800000 rw-p 00000000 00:00 0 
65800000-65900000 rw-p 00000000 00:00 0 
65900000-65905000 r--s 0009d000 08:05 3801785    /usr/lib/jvm/java-8-openjdk-i386/jre/lib/jsse.jar
65905000-6590e000 r-xp 00000000 08:05 3934470    /usr/lib/jvm/java-8-openjdk-i386/jre/lib/i386/libmanagement.so
6590e000-6590f000 r--p 00008000 08:05 3934470    /usr/lib/jvm/java-8-openjdk-i386/jre/lib/i386/libmanagement.so
6590f000-65910000 rw-p 00009000 08:05 3934470    /usr/lib/jvm/java-8-openjdk-i386/jre/lib/i386/libmanagement.so
65910000-65913000 ---p 00000000 00:00 0 
65913000-65961000 rw-p 00000000 00:00 0 
65961000-65968000 r--s 00000000 08:05 3542251    /usr/lib/i386-linux-gnu/gconv/gconv-modules.cache
65968000-6598e000 r--p 00000000 08:05 4197798    /usr/share/locale-langpack/fr/LC_MESSAGES/libc.mo
6598e000-6599a000 r--s 0005c000 08:05 1192919    /home/youssouf/.m2/repository/org/springframework/security/spring-security-core/5.0.7.RELEASE/spring-security-core-5.0.7.RELEASE.jar
6599a000-6599c000 r--s 00004000 08:05 2634006    /home/youssouf/.m2/repository/org/springframework/spring-jcl/5.0.8.RELEASE/spring-jcl-5.0.8.RELEASE.jar
6599c000-659b4000 r--s 00114000 08:05 2634004    /home/youssouf/.m2/repository/org/springframework/spring-core/5.0.8.RELEASE/spring-core-5.0.8.RELEASE.jar
659b4000-659b9000 r--s 0004b000 08:05 2626325    /home/youssouf/.m2/repository/com/fasterxml/jackson/core/jackson-core/2.9.6/jackson-core-2.9.6.jar
659b9000-659bc000 r--s 0000e000 08:05 2626343    /home/youssouf/.m2/repository/com/fasterxml/jackson/core/jackson-annotations/2.9.0/jackson-annotations-2.9.0.jar
659bc000-659cf000 r--s 00137000 08:05 2626323    /home/youssouf/.m2/repository/com/fasterxml/jackson/core/jackson-databind/2.9.6/jackson-databind-2.9.6.jar
659cf000-659df000 r--s 001c7000 08:05 2633996    /home/youssouf/.m2/repository/com/h2database/h2/1.4.197/h2-1.4.197.jar
659df000-65a00000 r--s 000fd000 08:05 2633994    /home/youssouf/.m2/repository/org/springframework/boot/spring-boot-autoconfigure/2.0.4.RELEASE/spring-boot-autoconfigure-2.0.4.RELEASE.jar
65a00000-65afb000 rw-p 00000000 00:00 0 
65afb000-65b00000 ---p 00000000 00:00 0 
65b01000-65b05000 r--s 00018000 08:05 2911380    /home/youssouf/.m2/repository/io/jsonwebtoken/jjwt/0.7.0/jjwt-0.7.0.jar
65b05000-65b1a000 r--s 000d0000 08:05 2633992    /home/youssouf/.m2/repository/org/springframework/boot/spring-boot/2.0.4.RELEASE/spring-boot-2.0.4.RELEASE.jar
65b1a000-65b20000 r--s 0002d000 08:05 2633990    /home/youssouf/.m2/repository/org/springframework/boot/spring-boot-devtools/2.0.4.RELEASE/spring-boot-devtools-2.0.4.RELEASE.jar
65b20000-65b30000 r--s 000b2000 08:05 2633988    /home/youssouf/.m2/repository/org/springframework/spring-webmvc/5.0.8.RELEASE/spring-webmvc-5.0.8.RELEASE.jar
65b30000-65b4a000 r--s 0011b000 08:05 2633986    /home/youssouf/.m2/repository/org/springframework/spring-web/5.0.8.RELEASE/spring-web-5.0.8.RELEASE.jar
65b4a000-65b4f000 r--s 00012000 08:05 2626375    /home/youssouf/.m2/repository/javax/validation/validation-api/2.0.1.Final/validation-api-2.0.1.Final.jar
65b4f000-65b6c000 r--s 000fe000 08:05 2007381    /home/youssouf/.m2/repository/org/hibernate/validator/hibernate-validator/6.0.11.Final/hibernate-validator-6.0.11.Final.jar
65b6c000-65b71000 r--s 0003a000 08:05 655539     /home/youssouf/.m2/repository/org/apache/tomcat/embed/tomcat-embed-websocket/8.5.32/tomcat-embed-websocket-8.5.32.jar
65b71000-65b76000 r--s 00037000 08:05 393310     /home/youssouf/.m2/repository/org/apache/tomcat/embed/tomcat-embed-el/8.5.32/tomcat-embed-el-8.5.32.jar
65b76000-65b9f000 r--s 002d3000 08:05 11147      /home/youssouf/.m2/repository/org/apache/tomcat/embed/tomcat-embed-core/8.5.32/tomcat-embed-core-8.5.32.jar
65b9f000-65ba0000 r--s 00000000 08:05 2633984    /home/youssouf/.m2/repository/org/springframework/boot/spring-boot-starter-tomcat/2.0.4.RELEASE/spring-boot-starter-tomcat-2.0.4.RELEASE.jar
65ba0000-65ba2000 r--s 00001000 08:05 2626331    /home/youssouf/.m2/repository/com/fasterxml/jackson/module/jackson-module-parameter-names/2.9.6/jackson-module-parameter-names-2.9.6.jar
65ba2000-65ba5000 r--s 00016000 08:05 2626329    /home/youssouf/.m2/repository/com/fasterxml/jackson/datatype/jackson-datatype-jsr310/2.9.6/jackson-datatype-jsr310-2.9.6.jar
65ba5000-65baa000 r--s 00040000 08:05 2633980    /home/youssouf/.m2/repository/org/springframework/spring-expression/5.0.8.RELEASE/spring-expression-5.0.8.RELEASE.jar
65baa000-65bb7000 r--s 0006c000 08:05 1192917    /home/youssouf/.m2/repository/org/springframework/security/spring-security-web/5.0.7.RELEASE/spring-security-web-5.0.7.RELEASE.jar
65bb7000-65bc2000 r--s 0009e000 08:05 1192915    /home/youssouf/.m2/repository/org/springframework/security/spring-security-config/5.0.7.RELEASE/spring-security-config-5.0.7.RELEASE.jar
65bc2000-65bcf000 r--s 00095000 08:05 2633964    /home/youssouf/.m2/repository/org/springframework/spring-beans/5.0.8.RELEASE/spring-beans-5.0.8.RELEASE.jar
65bcf000-65be9000 r--s 000f1000 08:05 2633960    /home/youssouf/.m2/repository/org/springframework/spring-context/5.0.8.RELEASE/spring-context-5.0.8.RELEASE.jar
65be9000-65c00000 r--s 000f1000 08:05 2633956    /home/youssouf/.m2/repository/org/springframework/data/spring-data-commons/2.0.9.RELEASE/spring-data-commons-2.0.9.RELEASE.jar
65c00000-65cff000 rw-p 00000000 00:00 0 
65cff000-65d00000 ---p 00000000 00:00 0 
65d00000-65d02000 r--s 00007000 08:05 2626327    /home/youssouf/.m2/repository/com/fasterxml/jackson/datatype/jackson-datatype-jdk8/2.9.6/jackson-datatype-jdk8-2.9.6.jar
65d02000-65d03000 r--s 00000000 08:05 2633970    /home/youssouf/.m2/repository/org/springframework/boot/spring-boot-starter-json/2.0.4.RELEASE/spring-boot-starter-json-2.0.4.RELEASE.jar
65d03000-65d0c000 r--s 00051000 08:05 2633978    /home/youssouf/.m2/repository/org/springframework/spring-aop/5.0.8.RELEASE/spring-aop-5.0.8.RELEASE.jar
65d0c000-65d8a000 r--s 005f0000 08:05 2622711    /home/youssouf/.m2/repository/org/hibernate/hibernate-core/5.2.17.Final/hibernate-core-5.2.17.Final.jar
65d8a000-65d8b000 ---p 00000000 00:00 0 
65d8b000-65e0b000 rw-p 00000000 00:00 0 
65e0b000-65e0e000 ---p 00000000 00:00 0 
65e0e000-65e5c000 rw-p 00000000 00:00 0 
65e5c000-65e5f000 ---p 00000000 00:00 0 
65e5f000-65edd000 rw-p 00000000 00:00 0 
65edd000-65ee0000 ---p 00000000 00:00 0 
65ee0000-65f5e000 rw-p 00000000 00:00 0 
65f5e000-65f61000 ---p 00000000 00:00 0 
65f61000-65faf000 rw-p 00000000 00:00 0 
65faf000-661af000 r--p 00000000 08:05 3540589    /usr/lib/locale/locale-archive
661af000-661b2000 ---p 00000000 00:00 0 
661b2000-66200000 rw-p 00000000 00:00 0 
66200000-662fa000 rw-p 00000000 00:00 0 
662fa000-66300000 ---p 00000000 00:00 0 
66300000-66301000 r--s 00000000 08:05 2633982    /home/youssouf/.m2/repository/org/springframework/boot/spring-boot-starter-web/2.0.4.RELEASE/spring-boot-starter-web-2.0.4.RELEASE.jar
66301000-66303000 r--s 0000a000 08:05 2633966    /home/youssouf/.m2/repository/org/springframework/spring-aspects/5.0.8.RELEASE/spring-aspects-5.0.8.RELEASE.jar
66303000-66305000 r--s 00009000 08:05 2626311    /home/youssouf/.m2/repository/org/slf4j/slf4j-api/1.7.25/slf4j-api-1.7.25.jar
66305000-6630d000 r--s 00037000 08:05 2633962    /home/youssouf/.m2/repository/org/springframework/spring-tx/5.0.8.RELEASE/spring-tx-5.0.8.RELEASE.jar
6630d000-66311000 r--s 0002b000 08:05 2633958    /home/youssouf/.m2/repository/org/springframework/spring-orm/5.0.8.RELEASE/spring-orm-5.0.8.RELEASE.jar
66311000-66319000 r--s 0004b000 08:05 2633954    /home/youssouf/.m2/repository/org/springframework/data/spring-data-jpa/2.0.9.RELEASE/spring-data-jpa-2.0.9.RELEASE.jar
66319000-6631b000 r--s 00006000 08:05 2626281    /home/youssouf/.m2/repository/javax/transaction/javax.transaction-api/1.2/javax.transaction-api-1.2.jar
6631b000-6631e000 ---p 00000000 00:00 0 
6631e000-6636c000 rw-p 00000000 00:00 0 
6636c000-6636d000 ---p 00000000 00:00 0 
6636d000-6643b000 rw-p 00000000 00:00 0 
6643b000-6660a000 r--s 03c32000 08:05 3801786    /usr/lib/jvm/java-8-openjdk-i386/jre/lib/rt.jar
6660a000-68d00000 rw-p 00000000 00:00 0 
68d00000-68dff000 rw-p 00000000 00:00 0 
68dff000-68e00000 ---p 00000000 00:00 0 
68e00000-68e01000 r--s 00000000 08:05 550183     /home/youssouf/.m2/repository/org/springframework/boot/spring-boot-starter-security/2.0.4.RELEASE/spring-boot-starter-security-2.0.4.RELEASE.jar
68e01000-68e04000 r--s 00010000 08:05 2626277    /home/youssouf/.m2/repository/org/hibernate/common/hibernate-commons-annotations/5.0.1.Final/hibernate-commons-annotations-5.0.1.Final.jar
68e04000-68e09000 r--s 00048000 08:05 2626272    /home/youssouf/.m2/repository/dom4j/dom4j/1.6.1/dom4j-1.6.1.jar
68e09000-68e0b000 r--s 0000e000 08:05 2626268    /home/youssouf/.m2/repository/com/fasterxml/classmate/1.3.4/classmate-1.3.4.jar
68e0b000-68e0e000 r--s 0002b000 08:05 2626263    /home/youssouf/.m2/repository/org/jboss/jandex/2.0.3.Final/jandex-2.0.3.Final.jar
68e0e000-68e13000 r--s 00068000 08:05 2626258    /home/youssouf/.m2/repository/antlr/antlr/2.7.7/antlr-2.7.7.jar
68e13000-68e1d000 r--s 000ab000 08:05 2626253    /home/youssouf/.m2/repository/org/javassist/javassist/3.22.0-GA/javassist-3.22.0-GA.jar
68e1d000-68e22000 r--s 00017000 08:05 2626249    /home/youssouf/.m2/repository/org/hibernate/javax/persistence/hibernate-jpa-2.1-api/1.0.2.Final/hibernate-jpa-2.1-api-1.0.2.Final.jar
68e22000-68e24000 r--s 0000f000 08:05 2626247    /home/youssouf/.m2/repository/org/jboss/logging/jboss-logging/3.3.2.Final/jboss-logging-3.3.2.Final.jar
68e24000-68e7f000 rw-p 00000000 00:00 0 
68e7f000-68e80000 ---p 00000000 00:00 0 
68e80000-68f00000 rw-p 00000000 00:00 0 
68f00000-68ffe000 rw-p 00000000 00:00 0 
68ffe000-69000000 ---p 00000000 00:00 0 
69000000-69009000 r--s 00059000 08:05 2633952    /home/youssouf/.m2/repository/org/springframework/spring-jdbc/5.0.8.RELEASE/spring-jdbc-5.0.8.RELEASE.jar
69009000-6900d000 r--s 00020000 08:05 2626347    /home/youssouf/.m2/repository/com/zaxxer/HikariCP/2.7.9/HikariCP-2.7.9.jar
6900d000-6900e000 r--s 00000000 08:05 2633950    /home/youssouf/.m2/repository/org/springframework/boot/spring-boot-starter-jdbc/2.0.4.RELEASE/spring-boot-starter-jdbc-2.0.4.RELEASE.jar
6900e000-69027000 r--s 001bf000 08:05 2622709    /home/youssouf/.m2/repository/org/aspectj/aspectjweaver/1.8.13/aspectjweaver-1.8.13.jar
69027000-69028000 r--s 00000000 08:05 2633948    /home/youssouf/.m2/repository/org/springframework/boot/spring-boot-starter-aop/2.0.4.RELEASE/spring-boot-starter-aop-2.0.4.RELEASE.jar
69028000-6902f000 r--s 00042000 08:05 2622703    /home/youssouf/.m2/repository/org/yaml/snakeyaml/1.19/snakeyaml-1.19.jar
6902f000-69031000 r--s 00005000 08:05 2622701    /home/youssouf/.m2/repository/javax/annotation/javax.annotation-api/1.3.2/javax.annotation-api-1.3.2.jar
69031000-69037000 r--s 00039000 08:05 2622697    /home/youssouf/.m2/repository/org/apache/logging/log4j/log4j-api/2.10.0/log4j-api-2.10.0.jar
69037000-69042000 r--s 00069000 08:05 2622693    /home/youssouf/.m2/repository/ch/qos/logback/logback-core/1.2.3/logback-core-1.2.3.jar
69042000-69048000 r--s 00041000 08:05 2622691    /home/youssouf/.m2/repository/ch/qos/logback/logback-classic/1.2.3/logback-classic-1.2.3.jar
69048000-69049000 ---p 00000000 00:00 0 
69049000-690d7000 rw-p 00000000 00:00 0 
690d7000-69212000 ---p 00000000 00:00 0 
69212000-69220000 rw-p 00000000 00:00 0 
69220000-6935a000 ---p 00000000 00:00 0 
6935a000-693c1000 rw-p 00000000 00:00 0 
693c1000-693ff000 ---p 00000000 00:00 0 
693ff000-6af40000 rw-p 00000000 00:00 0 
6af40000-92580000 ---p 00000000 00:00 0 
92580000-9f200000 rw-p 00000000 00:00 0 
a4280000-a6e00000 ---p 00000000 00:00 0 
a6e00000-a6e02000 r--s 00000000 08:05 2622699    /home/youssouf/.m2/repository/org/slf4j/jul-to-slf4j/1.7.25/jul-to-slf4j-1.7.25.jar
a6e02000-a6e04000 r--s 00003000 08:05 2622695    /home/youssouf/.m2/repository/org/apache/logging/log4j/log4j-to-slf4j/2.10.0/log4j-to-slf4j-2.10.0.jar
a6e04000-a6e1f000 r--s 00394000 08:05 3801794    /usr/lib/jvm/java-8-openjdk-i386/jre/lib/ext/cldrdata.jar
a6e1f000-a6e25000 r--s 0003b000 08:05 3801799    /usr/lib/jvm/java-8-openjdk-i386/jre/lib/ext/sunjce_provider.jar
a6e25000-a6e40000 r--s 001d6000 08:05 3801793    /usr/lib/jvm/java-8-openjdk-i386/jre/lib/ext/nashorn.jar
a6e40000-a6e68000 rw-p 00000000 00:00 0 
a6e68000-a7200000 ---p 00000000 00:00 0 
a7200000-a7bc8000 rwxp 00000000 00:00 0 
a7bc8000-b6200000 ---p 00000000 00:00 0 
b6200000-b62fc000 rw-p 00000000 00:00 0 
b62fc000-b6300000 ---p 00000000 00:00 0 
b6300000-b630a000 r--s 00116000 08:05 3801798    /usr/lib/jvm/java-8-openjdk-i386/jre/lib/ext/localedata.jar
b630a000-b6322000 rw-p 00000000 00:00 0 
b6322000-b632d000 r-xp 00000000 08:05 410467     /lib/i386-linux-gnu/libnss_files-2.23.so
b632d000-b632e000 r--p 0000a000 08:05 410467     /lib/i386-linux-gnu/libnss_files-2.23.so
b632e000-b632f000 rw-p 0000b000 08:05 410467     /lib/i386-linux-gnu/libnss_files-2.23.so
b632f000-b6335000 rw-p 00000000 00:00 0 
b6335000-b6340000 r-xp 00000000 08:05 410470     /lib/i386-linux-gnu/libnss_nis-2.23.so
b6340000-b6341000 r--p 0000a000 08:05 410470     /lib/i386-linux-gnu/libnss_nis-2.23.so
b6341000-b6342000 rw-p 0000b000 08:05 410470     /lib/i386-linux-gnu/libnss_nis-2.23.so
b6342000-b6359000 r-xp 00000000 08:05 406284     /lib/i386-linux-gnu/libnsl-2.23.so
b6359000-b635a000 r--p 00016000 08:05 406284     /lib/i386-linux-gnu/libnsl-2.23.so
b635a000-b635b000 rw-p 00017000 08:05 406284     /lib/i386-linux-gnu/libnsl-2.23.so
b635b000-b635d000 rw-p 00000000 00:00 0 
b635d000-b6365000 r-xp 00000000 08:05 409460     /lib/i386-linux-gnu/libnss_compat-2.23.so
b6365000-b6366000 r--p 00007000 08:05 409460     /lib/i386-linux-gnu/libnss_compat-2.23.so
b6366000-b6367000 rw-p 00008000 08:05 409460     /lib/i386-linux-gnu/libnss_compat-2.23.so
b6367000-b6368000 r--s 00000000 08:05 2633946    /home/youssouf/.m2/repository/org/springframework/boot/spring-boot-starter-logging/2.0.4.RELEASE/spring-boot-starter-logging-2.0.4.RELEASE.jar
b6368000-b6369000 r--s 00000000 08:05 2633944    /home/youssouf/.m2/repository/org/springframework/boot/spring-boot-starter/2.0.4.RELEASE/spring-boot-starter-2.0.4.RELEASE.jar
b6369000-b636a000 r--s 00000000 08:05 2633942    /home/youssouf/.m2/repository/org/springframework/boot/spring-boot-starter-data-jpa/2.0.4.RELEASE/spring-boot-starter-data-jpa-2.0.4.RELEASE.jar
b636a000-b636b000 r--s 0000a000 08:05 3801801    /usr/lib/jvm/java-8-openjdk-i386/jre/lib/ext/jaccess.jar
b636b000-b636e000 r--s 0000f000 08:05 3801792    /usr/lib/jvm/java-8-openjdk-i386/jre/lib/ext/icedtea-sound.jar
b636e000-b6370000 r--s 00008000 08:05 3801800    /usr/lib/jvm/java-8-openjdk-i386/jre/lib/ext/sunec.jar
b6370000-b6372000 r--s 00001000 08:05 3801796    /usr/lib/jvm/java-8-openjdk-i386/jre/lib/ext/dnsns.jar
b6372000-b6373000 r--s 00010000 08:05 3801797    /usr/lib/jvm/java-8-openjdk-i386/jre/lib/ext/zipfs.jar
b6373000-b6376000 r--s 00038000 08:05 3801795    /usr/lib/jvm/java-8-openjdk-i386/jre/lib/ext/sunpkcs11.jar
b6376000-b6377000 r--p 002db000 08:05 3540589    /usr/lib/locale/locale-archive
b6377000-b637f000 r-xp 00000000 08:05 3934478    /usr/lib/jvm/java-8-openjdk-i386/jre/lib/i386/libzip.so
b637f000-b6380000 r--p 00007000 08:05 3934478    /usr/lib/jvm/java-8-openjdk-i386/jre/lib/i386/libzip.so
b6380000-b6381000 rw-p 00008000 08:05 3934478    /usr/lib/jvm/java-8-openjdk-i386/jre/lib/i386/libzip.so
b6381000-b63a9000 r-xp 00000000 08:05 3934918    /usr/lib/jvm/java-8-openjdk-i386/jre/lib/i386/libjava.so
b63a9000-b63aa000 r--p 00027000 08:05 3934918    /usr/lib/jvm/java-8-openjdk-i386/jre/lib/i386/libjava.so
b63aa000-b63ab000 rw-p 00028000 08:05 3934918    /usr/lib/jvm/java-8-openjdk-i386/jre/lib/i386/libjava.so
b63ab000-b63b2000 r-xp 00000000 08:05 410471     /lib/i386-linux-gnu/librt-2.23.so
b63b2000-b63b3000 r--p 00006000 08:05 410471     /lib/i386-linux-gnu/librt-2.23.so
b63b3000-b63b4000 rw-p 00007000 08:05 410471     /lib/i386-linux-gnu/librt-2.23.so
b63b4000-b63b7000 ---p 00000000 00:00 0 
b63b7000-b6405000 rw-p 00000000 00:00 0 
b6405000-b6421000 r-xp 00000000 08:05 394582     /lib/i386-linux-gnu/libgcc_s.so.1
b6421000-b6422000 rw-p 0001b000 08:05 394582     /lib/i386-linux-gnu/libgcc_s.so.1
b6422000-b6475000 r-xp 00000000 08:05 406056     /lib/i386-linux-gnu/libm-2.23.so
b6475000-b6476000 r--p 00052000 08:05 406056     /lib/i386-linux-gnu/libm-2.23.so
b6476000-b6477000 rw-p 00053000 08:05 406056     /lib/i386-linux-gnu/libm-2.23.so
b6477000-b65e4000 r-xp 00000000 08:05 3541114    /usr/lib/i386-linux-gnu/libstdc++.so.6.0.21
b65e4000-b65e5000 ---p 0016d000 08:05 3541114    /usr/lib/i386-linux-gnu/libstdc++.so.6.0.21
b65e5000-b65ea000 r--p 0016d000 08:05 3541114    /usr/lib/i386-linux-gnu/libstdc++.so.6.0.21
b65ea000-b65eb000 rw-p 00172000 08:05 3541114    /usr/lib/i386-linux-gnu/libstdc++.so.6.0.21
b65eb000-b65ee000 rw-p 00000000 00:00 0 
b65ee000-b70c8000 r-xp 00000000 08:05 3934461    /usr/lib/jvm/java-8-openjdk-i386/jre/lib/i386/server/libjvm.so
b70c8000-b70c9000 ---p 00ada000 08:05 3934461    /usr/lib/jvm/java-8-openjdk-i386/jre/lib/i386/server/libjvm.so
b70c9000-b710f000 r--p 00ada000 08:05 3934461    /usr/lib/jvm/java-8-openjdk-i386/jre/lib/i386/server/libjvm.so
b710f000-b7126000 rw-p 00b20000 08:05 3934461    /usr/lib/jvm/java-8-openjdk-i386/jre/lib/i386/server/libjvm.so
b7126000-b7546000 rw-p 00000000 00:00 0 
b7546000-b755f000 r-xp 00000000 08:05 409383     /lib/i386-linux-gnu/libpthread-2.23.so
b755f000-b7560000 r--p 00018000 08:05 409383     /lib/i386-linux-gnu/libpthread-2.23.so
b7560000-b7561000 rw-p 00019000 08:05 409383     /lib/i386-linux-gnu/libpthread-2.23.so
b7561000-b7563000 rw-p 00000000 00:00 0 
b7563000-b7566000 r-xp 00000000 08:05 409394     /lib/i386-linux-gnu/libdl-2.23.so
b7566000-b7567000 r--p 00002000 08:05 409394     /lib/i386-linux-gnu/libdl-2.23.so
b7567000-b7568000 rw-p 00003000 08:05 409394     /lib/i386-linux-gnu/libdl-2.23.so
b7568000-b7569000 rw-p 00000000 00:00 0 
b7569000-b7582000 r-xp 00000000 08:05 406236     /lib/i386-linux-gnu/libz.so.1.2.8
b7582000-b7583000 r--p 00018000 08:05 406236     /lib/i386-linux-gnu/libz.so.1.2.8
b7583000-b7584000 rw-p 00019000 08:05 406236     /lib/i386-linux-gnu/libz.so.1.2.8
b7584000-b7734000 r-xp 00000000 08:05 409386     /lib/i386-linux-gnu/libc-2.23.so
b7734000-b7736000 r--p 001af000 08:05 409386     /lib/i386-linux-gnu/libc-2.23.so
b7736000-b7737000 rw-p 001b1000 08:05 409386     /lib/i386-linux-gnu/libc-2.23.so
b7737000-b773a000 rw-p 00000000 00:00 0 
b773a000-b7742000 rw-s 00000000 08:05 804084     /tmp/hsperfdata_youssouf/28221
b7742000-b7743000 rw-p 00000000 00:00 0 
b7743000-b7744000 ---p 00000000 00:00 0 
b7744000-b7752000 r-xp 00000000 08:05 3934483    /usr/lib/jvm/java-8-openjdk-i386/jre/lib/i386/libverify.so
b7752000-b7753000 r--p 0000d000 08:05 3934483    /usr/lib/jvm/java-8-openjdk-i386/jre/lib/i386/libverify.so
b7753000-b7754000 rw-p 0000e000 08:05 3934483    /usr/lib/jvm/java-8-openjdk-i386/jre/lib/i386/libverify.so
b7754000-b7761000 r-xp 00000000 08:05 3934480    /usr/lib/jvm/java-8-openjdk-i386/jre/lib/i386/jli/libjli.so
b7761000-b7762000 r--p 0000c000 08:05 3934480    /usr/lib/jvm/java-8-openjdk-i386/jre/lib/i386/jli/libjli.so
b7762000-b7763000 rw-p 0000d000 08:05 3934480    /usr/lib/jvm/java-8-openjdk-i386/jre/lib/i386/jli/libjli.so
b7763000-b7764000 rw-p 00000000 00:00 0 
b7764000-b7767000 r--p 00000000 00:00 0          [vvar]
b7767000-b7768000 r-xp 00000000 00:00 0          [vdso]
b7768000-b778b000 r-xp 00000000 08:05 406285     /lib/i386-linux-gnu/ld-2.23.so
b778b000-b778c000 r--p 00022000 08:05 406285     /lib/i386-linux-gnu/ld-2.23.so
b778c000-b778d000 rw-p 00023000 08:05 406285     /lib/i386-linux-gnu/ld-2.23.so
bfcf9000-bfd1c000 rw-p 00000000 00:00 0          [stack]

VM Arguments:
jvm_args: -Dfile.encoding=UTF-8 
java_command: org.sid.JwtSpringSecurityApplication
java_class_path (initial): /home/youssouf/Bureau/TP_JAVA_EE/jwt-spring-security/target/classes:/home/youssouf/.m2/repository/org/springframework/boot/spring-boot-starter-data-jpa/2.0.4.RELEASE/spring-boot-starter-data-jpa-2.0.4.RELEASE.jar:/home/youssouf/.m2/repository/org/springframework/boot/spring-boot-starter/2.0.4.RELEASE/spring-boot-starter-2.0.4.RELEASE.jar:/home/youssouf/.m2/repository/org/springframework/boot/spring-boot-starter-logging/2.0.4.RELEASE/spring-boot-starter-logging-2.0.4.RELEASE.jar:/home/youssouf/.m2/repository/ch/qos/logback/logback-classic/1.2.3/logback-classic-1.2.3.jar:/home/youssouf/.m2/repository/ch/qos/logback/logback-core/1.2.3/logback-core-1.2.3.jar:/home/youssouf/.m2/repository/org/apache/logging/log4j/log4j-to-slf4j/2.10.0/log4j-to-slf4j-2.10.0.jar:/home/youssouf/.m2/repository/org/apache/logging/log4j/log4j-api/2.10.0/log4j-api-2.10.0.jar:/home/youssouf/.m2/repository/org/slf4j/jul-to-slf4j/1.7.25/jul-to-slf4j-1.7.25.jar:/home/youssouf/.m2/repository/javax/annotation/javax.annotation-api/1.3.2/javax.annotation-api-1.3.2.jar:/home/youssouf/.m2/repository/org/yaml/snakeyaml/1.19/snakeyaml-1.19.jar:/home/youssouf/.m2/repository/org/springframework/boot/spring-boot-starter-aop/2.0.4.RELEASE/spring-boot-starter-aop-2.0.4.RELEASE.jar:/home/youssouf/.m2/repository/org/aspectj/aspectjweaver/1.8.13/aspectjweaver-1.8.13.jar:/home/youssouf/.m2/repository/org/springframework/boot/spring-boot-starter-jdbc/2.0.4.RELEASE/spring-boot-starter-jdbc-2.0.4.RELEASE.jar:/home/youssouf/.m2/repository/com/zaxxer/HikariCP/2.7.9/HikariCP-2.7.9.jar:/home/youssouf/.m2/repository/org/springframework/spring-jdbc/5.0.8.RELEASE/spring-jdbc-5.0.8.RELEASE.jar:/home/youssouf/.m2/repository/org/hibernate/hibernate-core/5.2.17.Final/hibernate-core-5.2.17.Final.jar:/home/youssouf/.m2/repository/org/jboss/logging/jboss-logging/3.3.2.Final/jboss-logging-3.3.2.Final.jar:/home/youssouf/.m2/repository/org/hibernate/javax/persistence/hibernate-jpa-2.1-api/1.0.2.Final/hiber
Launcher Type: SUN_STANDARD

Environment Variables:
PATH=/usr/local/sbin:/usr/local/bin:/usr/sbin:/usr/bin:/sbin:/bin:/usr/games:/usr/local/games:/snap/bin
LD_LIBRARY_PATH=/usr/lib/jvm/java-8-openjdk-i386/jre/lib/i386/server:/usr/lib/jvm/java-8-openjdk-i386/jre/lib/i386:
SHELL=/bin/bash
DISPLAY=:0

Signal Handlers:
SIGSEGV: [libjvm.so+0x8de5f0], sa_mask[0]=11111111011111111101111111111110, sa_flags=SA_RESTART|SA_SIGINFO
SIGBUS: [libjvm.so+0x8de5f0], sa_mask[0]=11111111011111111101111111111110, sa_flags=SA_RESTART|SA_SIGINFO
SIGFPE: [libjvm.so+0x742e30], sa_mask[0]=11111111011111111101111111111110, sa_flags=SA_RESTART|SA_SIGINFO
SIGPIPE: [libjvm.so+0x742e30], sa_mask[0]=11111111011111111101111111111110, sa_flags=SA_RESTART|SA_SIGINFO
SIGXFSZ: [libjvm.so+0x742e30], sa_mask[0]=11111111011111111101111111111110, sa_flags=SA_RESTART|SA_SIGINFO
SIGILL: [libjvm.so+0x742e30], sa_mask[0]=11111111011111111101111111111110, sa_flags=SA_RESTART|SA_SIGINFO
SIGUSR1: SIG_DFL, sa_mask[0]=00000000000000000000000000000000, sa_flags=none
SIGUSR2: [libjvm.so+0x742c70], sa_mask[0]=00100000000000000000000000000000, sa_flags=SA_RESTART|SA_SIGINFO
SIGHUP: [libjvm.so+0x743400], sa_mask[0]=11111111011111111101111111111110, sa_flags=SA_RESTART|SA_SIGINFO
SIGINT: [libjvm.so+0x743400], sa_mask[0]=11111111011111111101111111111110, sa_flags=SA_RESTART|SA_SIGINFO
SIGTERM: [libjvm.so+0x743400], sa_mask[0]=11111111011111111101111111111110, sa_flags=SA_RESTART|SA_SIGINFO
SIGQUIT: [libjvm.so+0x743400], sa_mask[0]=11111111011111111101111111111110, sa_flags=SA_RESTART|SA_SIGINFO


---------------  S Y S T E M  ---------------

OS:DISTRIB_ID=Ubuntu
DISTRIB_RELEASE=16.04
DISTRIB_CODENAME=xenial
DISTRIB_DESCRIPTION="Ubuntu 16.04.5 LTS"

uname:Linux 4.4.0-134-generic #160-Ubuntu SMP Wed Aug 15 14:57:38 UTC 2018 i686
libc:glibc 2.23 NPTL 2.23 
rlimit: STACK 8192k, CORE 0k, NPROC 31195, NOFILE 1048576, AS infinity
load average:11,15 3,70 1,56

/proc/meminfo:
MemTotal:        4032648 kB
MemFree:          215964 kB
MemAvailable:      12984 kB
Buffers:            1956 kB
Cached:           539012 kB
SwapCached:            0 kB
Active:          3215140 kB
Inactive:         493452 kB
Active(anon):    3190896 kB
Inactive(anon):   442608 kB
Active(file):      24244 kB
Inactive(file):    50844 kB
Unevictable:         192 kB
Mlocked:             192 kB
HighTotal:       3174832 kB
HighFree:          39812 kB
LowTotal:         857816 kB
LowFree:          176152 kB
SwapTotal:             0 kB
SwapFree:              0 kB
Dirty:               112 kB
Writeback:             0 kB
AnonPages:       3168132 kB
Mapped:           193840 kB
Shmem:            465596 kB
Slab:              54020 kB
SReclaimable:      27420 kB
SUnreclaim:        26600 kB
KernelStack:        5544 kB
PageTables:        23312 kB
NFS_Unstable:          0 kB
Bounce:                0 kB
WritebackTmp:          0 kB
CommitLimit:     2016324 kB
Committed_AS:   10369408 kB
VmallocTotal:     122880 kB
VmallocUsed:           0 kB
VmallocChunk:          0 kB
AnonHugePages:         0 kB
CmaTotal:              0 kB
CmaFree:               0 kB
HugePages_Total:       0
HugePages_Free:        0
HugePages_Rsvd:        0
HugePages_Surp:        0
Hugepagesize:       2048 kB
DirectMap4k:       67576 kB
DirectMap2M:      845824 kB


CPU:total 2 (initial active 2) (2 cores per cpu, 1 threads per core) family 6 model 23 stepping 10, cmov, cx8, fxsr, mmx, sse, sse2, sse3, ssse3, sse4.1, tsc

/proc/cpuinfo:
processor	: 0
vendor_id	: GenuineIntel
cpu family	: 6
model		: 23
model name	: Intel(R) Core(TM)2 Duo CPU     T9400  @ 2.53GHz
stepping	: 10
microcode	: 0xa0b
cpu MHz		: 2534.000
cache size	: 6144 KB
physical id	: 0
siblings	: 2
core id		: 0
cpu cores	: 2
apicid		: 0
initial apicid	: 0
fdiv_bug	: no
f00f_bug	: no
coma_bug	: no
fpu		: yes
fpu_exception	: yes
cpuid level	: 13
wp		: yes
flags		: fpu vme de pse tsc msr pae mce cx8 apic sep mtrr pge mca cmov pat pse36 clflush dts acpi mmx fxsr sse sse2 ss ht tm pbe nx lm constant_tsc arch_perfmon pebs bts aperfmperf pni dtes64 monitor ds_cpl vmx smx est tm2 ssse3 cx16 xtpr pdcm sse4_1 xsave lahf_lm tpr_shadow vnmi flexpriority dtherm ida
bugs		: cpu_meltdown spectre_v1 spectre_v2 spec_store_bypass l1tf
bogomips	: 5054.39
clflush size	: 64
cache_alignment	: 64
address sizes	: 36 bits physical, 48 bits virtual
power management:

processor	: 1
vendor_id	: GenuineIntel
cpu family	: 6
model		: 23
model name	: Intel(R) Core(TM)2 Duo CPU     T9400  @ 2.53GHz
stepping	: 10
microcode	: 0xa0b
cpu MHz		: 800.000
cache size	: 6144 KB
physical id	: 0
siblings	: 2
core id		: 1
cpu cores	: 2
apicid		: 1
initial apicid	: 1
fdiv_bug	: no
f00f_bug	: no
coma_bug	: no
fpu		: yes
fpu_exception	: yes
cpuid level	: 13
wp		: yes
flags		: fpu vme de pse tsc msr pae mce cx8 apic sep mtrr pge mca cmov pat pse36 clflush dts acpi mmx fxsr sse sse2 ss ht tm pbe nx lm constant_tsc arch_perfmon pebs bts aperfmperf pni dtes64 monitor ds_cpl vmx smx est tm2 ssse3 cx16 xtpr pdcm sse4_1 xsave lahf_lm tpr_shadow vnmi flexpriority dtherm ida
bugs		: cpu_meltdown spectre_v1 spectre_v2 spec_store_bypass l1tf
bogomips	: 5054.39
clflush size	: 64
cache_alignment	: 64
address sizes	: 36 bits physical, 48 bits virtual
power management:



Memory: 4k page, physical 4032648k(215964k free), swap 0k(0k free)

vm_info: OpenJDK Server VM (25.181-b13) for linux-x86 JRE (1.8.0_181-8u181-b13-0ubuntu0.16.04.1-b13), built on Jul 30 2018 21:00:10 by "buildd" with gcc 5.4.0 20160609

time: Tue Sep  4 16:03:55 2018
elapsed time: 94 seconds (0d 0h 1m 34s)

